<?xml version="1.0" encoding="UTF-8"?>
<!-- Generated by org.testng.reporters.JUnitXMLReporter -->
<testsuite hostname="DDC5-D-187N803" name="Test_Chandan" tests="5" failures="0" timestamp="15 Jan 2020 06:33:56 GMT" time="35.941" errors="0">
  <testcase name="login" time="0.004" classname="com.maven_demo1.Testng_Demo1"/>
  <testcase name="register" time="0.003" classname="com.maven_demo1.Testng_Demo1"/>
  <testcase name="faceboo" time="0.003" classname="com.maven_demo1.Test_Demo"/>
  <testcase name="gmail" time="0.004" classname="com.maven_demo1.Test_Demo"/>
  <testcase name="rediff_login" time="35.901" classname="com.maven_demo1.Hello_selenium"/>
</testsuite> <!-- Test_Chandan -->
