<?xml version="1.0" encoding="UTF-8"?>
<testng-results skipped="3" failed="0" total="3" passed="0">
  <reporter-output>
  </reporter-output>
  <suite name="Default suite" duration-ms="97" started-at="2020-01-16T05:50:19Z" finished-at="2020-01-16T05:50:19Z">
    <groups>
    </groups>
    <test name="Default test" duration-ms="97" started-at="2020-01-16T05:50:19Z" finished-at="2020-01-16T05:50:19Z">
      <class name="com.maven_demo1.TestMEApp_SignUp">
        <test-method status="FAIL" signature="openBrowser()[pri:0, instance:com.maven_demo1.TestMEApp_SignUp@32d992b2]" name="openBrowser" is-config="true" duration-ms="0" started-at="2020-01-16T11:20:19Z" finished-at="2020-01-16T11:20:19Z">
          <exception class="java.lang.IllegalStateException">
            <message>
              <![CDATA[The driver executable does not exist: C:\driver9999\chromedriver.exe]]>
            </message>
            <full-stacktrace>
              <![CDATA[java.lang.IllegalStateException: The driver executable does not exist: C:\driver9999\chromedriver.exe
	at com.google.common.base.Preconditions.checkState(Preconditions.java:585)
	at org.openqa.selenium.remote.service.DriverService.checkExecutable(DriverService.java:146)
	at org.openqa.selenium.remote.service.DriverService.findExecutable(DriverService.java:141)
	at org.openqa.selenium.chrome.ChromeDriverService.access$000(ChromeDriverService.java:35)
	at org.openqa.selenium.chrome.ChromeDriverService$Builder.findDefaultExecutable(ChromeDriverService.java:159)
	at org.openqa.selenium.remote.service.DriverService$Builder.build(DriverService.java:355)
	at org.openqa.selenium.chrome.ChromeDriverService.createDefaultService(ChromeDriverService.java:94)
	at org.openqa.selenium.chrome.ChromeDriver.<init>(ChromeDriver.java:123)
	at com.maven_demo1.TestMEApp_SignUp.openBrowser(TestMEApp_SignUp.java:51)
	at sun.reflect.NativeMethodAccessorImpl.invoke0(Native Method)
	at sun.reflect.NativeMethodAccessorImpl.invoke(Unknown Source)
	at sun.reflect.DelegatingMethodAccessorImpl.invoke(Unknown Source)
	at java.lang.reflect.Method.invoke(Unknown Source)
	at org.testng.internal.MethodInvocationHelper.invokeMethod(MethodInvocationHelper.java:80)
	at org.testng.internal.Invoker.invokeConfigurationMethod(Invoker.java:564)
	at org.testng.internal.Invoker.invokeConfigurations(Invoker.java:213)
	at org.testng.internal.Invoker.invokeConfigurations(Invoker.java:138)
	at org.testng.TestRunner.beforeRun(TestRunner.java:641)
	at org.testng.TestRunner.run(TestRunner.java:609)
	at org.testng.SuiteRunner.runTest(SuiteRunner.java:334)
	at org.testng.SuiteRunner.runSequentially(SuiteRunner.java:329)
	at org.testng.SuiteRunner.privateRun(SuiteRunner.java:291)
	at org.testng.SuiteRunner.run(SuiteRunner.java:240)
	at org.testng.SuiteRunnerWorker.runSuite(SuiteRunnerWorker.java:52)
	at org.testng.SuiteRunnerWorker.run(SuiteRunnerWorker.java:86)
	at org.testng.TestNG.runSuitesSequentially(TestNG.java:1198)
	at org.testng.TestNG.runSuitesLocally(TestNG.java:1123)
	at org.testng.TestNG.run(TestNG.java:1031)
	at org.testng.remote.AbstractRemoteTestNG.run(AbstractRemoteTestNG.java:126)
	at org.testng.remote.RemoteTestNG.initAndRun(RemoteTestNG.java:137)
	at org.testng.remote.RemoteTestNG.main(RemoteTestNG.java:58)
]]>
            </full-stacktrace>
          </exception> <!-- java.lang.IllegalStateException -->
          <reporter-output>
          </reporter-output>
        </test-method> <!-- openBrowser -->
        <test-method status="SKIP" signature="signup()[pri:0, instance:com.maven_demo1.TestMEApp_SignUp@32d992b2]" name="signup" duration-ms="3" started-at="2020-01-16T11:20:19Z" finished-at="2020-01-16T11:20:19Z">
          <reporter-output>
          </reporter-output>
        </test-method> <!-- signup -->
        <test-method status="SKIP" signature="login()[pri:0, instance:com.maven_demo1.TestMEApp_SignUp@32d992b2]" name="login" duration-ms="2" started-at="2020-01-16T11:20:19Z" finished-at="2020-01-16T11:20:19Z">
          <reporter-output>
          </reporter-output>
        </test-method> <!-- login -->
        <test-method status="SKIP" signature="cart()[pri:0, instance:com.maven_demo1.TestMEApp_SignUp@32d992b2]" name="cart" duration-ms="0" started-at="2020-01-16T11:20:19Z" finished-at="2020-01-16T11:20:19Z">
          <reporter-output>
          </reporter-output>
        </test-method> <!-- cart -->
        <test-method status="SKIP" signature="afterTest()[pri:0, instance:com.maven_demo1.TestMEApp_SignUp@32d992b2]" name="afterTest" is-config="true" duration-ms="0" started-at="2020-01-16T11:20:19Z" finished-at="2020-01-16T11:20:19Z">
          <reporter-output>
          </reporter-output>
        </test-method> <!-- afterTest -->
      </class> <!-- com.maven_demo1.TestMEApp_SignUp -->
    </test> <!-- Default test -->
  </suite> <!-- Default suite -->
</testng-results>
