<?xml version="1.0" encoding="UTF-8"?>
<!-- Generated by org.testng.reporters.JUnitXMLReporter -->
<testsuite hostname="DDC5-D-187N803" name="Practice Grouping" tests="5" failures="0" timestamp="17 Jan 2020 07:06:16 GMT" time="0.04" errors="0">
  <testcase name="Car1" time="0.009" classname="com.maven_demo1.Grouping"/>
  <testcase name="Car2" time="0.001" classname="com.maven_demo1.Grouping"/>
  <testcase name="Scooter1" time="0.002" classname="com.maven_demo1.Grouping"/>
  <testcase name="Scooter2" time="0.0" classname="com.maven_demo1.Grouping"/>
  <testcase name="Sedan1" time="0.001" classname="com.maven_demo1.Grouping"/>
</testsuite> <!-- Practice Grouping -->
